stdio    D         file_stdio.c:110  file_stdio_fopen                 [   0.00000] opening C:\Users\Fryderyk\Projects\labirynt\Labirynt\Debug\allegro5.cfg r
system   D            wsystem.c:738  maybe_parent_dir                 [   0.00000] Also searching C:\Users\Fryderyk\Projects\labirynt\Labirynt\
system   D            wsystem.c:788  _al_win_safe_load_library        [   0.00000] PathFindOnPath found: C:\Windows\system32\shcore.dll
system   D            wsystem.c:699  load_library_at_path             [   0.00000] Calling LoadLibrary C:\Windows\system32\shcore.dll
system   I            wsystem.c:702  load_library_at_path             [   0.00000] Loaded C:\Windows\system32\shcore.dll
system   I             system.c:264  al_install_system                [   0.00000] Allegro version: 5.2.4
system   D            wsystem.c:738  maybe_parent_dir                 [   0.00033] Also searching C:\Users\Fryderyk\Projects\labirynt\Labirynt\
system   D            wsystem.c:788  _al_win_safe_load_library        [   0.00053] PathFindOnPath found: C:\Windows\system32\d3d9.dll
system   D            wsystem.c:699  load_library_at_path             [   0.00056] Calling LoadLibrary C:\Windows\system32\d3d9.dll
system   I            wsystem.c:702  load_library_at_path             [   0.00234] Loaded C:\Windows\system32\d3d9.dll
d3d      I         d3d_disp.cpp:674  d3d_init_display                 [   0.01053] Render-to-texture: 1
d3d      I         d3d_disp.cpp:1768 d3d_create_display_locked        [   0.01159] faux_fullscreen=0
d3d      D         d3d_disp.cpp:1769 d3d_create_display_locked        [   0.01162] al_display=000E2270
d3d      D         d3d_disp.cpp:1770 d3d_create_display_locked        [   0.01164] al_display->vt=000A0948
d3d      I d3d_display_formats.cpp:144  _al_d3d_generate_display_format_list [   0.01435] found 64 format combinations
display  D   display_settings.c:212  debug_display_settings           [   0.01440] color: 32 (rgba 8880), depth: 0, stencil: 0, acc: 0000, samples: 0/0
display  D   display_settings.c:527  _al_score_display_settings       [   0.01444] Score is : 897
display  D   display_settings.c:212  debug_display_settings           [   0.01446] color: 32 (rgba 8880), depth: 0, stencil: 0, acc: 0000, samples: 0/0
display  D   display_settings.c:527  _al_score_display_settings       [   0.01448] Score is : 897
display  D   display_settings.c:212  debug_display_settings           [   0.01450] color: 32 (rgba 8880), depth: 24, stencil: 8, acc: 0000, samples: 0/0
display  D   display_settings.c:527  _al_score_display_settings       [   0.01453] Score is : 897
display  D   display_settings.c:212  debug_display_settings           [   0.01455] color: 32 (rgba 8880), depth: 24, stencil: 8, acc: 0000, samples: 0/0
display  D   display_settings.c:527  _al_score_display_settings       [   0.01458] Score is : 897
display  D   display_settings.c:212  debug_display_settings           [   0.01460] color: 32 (rgba 8880), depth: 24, stencil: 0, acc: 0000, samples: 0/0
display  D   display_settings.c:527  _al_score_display_settings       [   0.01463] Score is : 897
display  D   display_settings.c:212  debug_display_settings           [   0.01465] color: 32 (rgba 8880), depth: 24, stencil: 0, acc: 0000, samples: 0/0
display  D   display_settings.c:527  _al_score_display_settings       [   0.01468] Score is : 897
display  D   display_settings.c:212  debug_display_settings           [   0.01470] color: 32 (rgba 8880), depth: 16, stencil: 0, acc: 0000, samples: 0/0
display  D   display_settings.c:527  _al_score_display_settings       [   0.01473] Score is : 897
display  D   display_settings.c:212  debug_display_settings           [   0.01475] color: 32 (rgba 8880), depth: 16, stencil: 0, acc: 0000, samples: 0/0
display  D   display_settings.c:527  _al_score_display_settings       [   0.01477] Score is : 897
display  D   display_settings.c:212  debug_display_settings           [   0.01479] color: 16 (rgba 5650), depth: 0, stencil: 0, acc: 0000, samples: 0/0
display  D   display_settings.c:527  _al_score_display_settings       [   0.01482] Score is : 897
display  D   display_settings.c:212  debug_display_settings           [   0.01491] color: 16 (rgba 5650), depth: 0, stencil: 0, acc: 0000, samples: 0/0
display  D   display_settings.c:527  _al_score_display_settings       [   0.01495] Score is : 897
display  D   display_settings.c:212  debug_display_settings           [   0.01497] color: 16 (rgba 5650), depth: 24, stencil: 8, acc: 0000, samples: 0/0
display  D   display_settings.c:527  _al_score_display_settings       [   0.01500] Score is : 897
display  D   display_settings.c:212  debug_display_settings           [   0.01502] color: 16 (rgba 5650), depth: 24, stencil: 8, acc: 0000, samples: 0/0
display  D   display_settings.c:527  _al_score_display_settings       [   0.01504] Score is : 897
display  D   display_settings.c:212  debug_display_settings           [   0.01506] color: 16 (rgba 5650), depth: 24, stencil: 0, acc: 0000, samples: 0/0
display  D   display_settings.c:527  _al_score_display_settings       [   0.01509] Score is : 897
display  D   display_settings.c:212  debug_display_settings           [   0.01510] color: 16 (rgba 5650), depth: 24, stencil: 0, acc: 0000, samples: 0/0
display  D   display_settings.c:527  _al_score_display_settings       [   0.01513] Score is : 897
display  D   display_settings.c:212  debug_display_settings           [   0.01515] color: 16 (rgba 5650), depth: 16, stencil: 0, acc: 0000, samples: 0/0
display  D   display_settings.c:527  _al_score_display_settings       [   0.01517] Score is : 897
display  D   display_settings.c:212  debug_display_settings           [   0.01519] color: 16 (rgba 5650), depth: 16, stencil: 0, acc: 0000, samples: 0/0
display  D   display_settings.c:527  _al_score_display_settings       [   0.01521] Score is : 897
display  D   display_settings.c:212  debug_display_settings           [   0.01523] color: 32 (rgba 8880), depth: 0, stencil: 0, acc: 0000, samples: 0/0
display  D   display_settings.c:398  _al_score_display_settings       [   0.01526] Single Buffer requirement not met.
display  D   display_settings.c:212  debug_display_settings           [   0.01528] color: 32 (rgba 8880), depth: 0, stencil: 0, acc: 0000, samples: 0/0
display  D   display_settings.c:398  _al_score_display_settings       [   0.01530] Single Buffer requirement not met.
display  D   display_settings.c:212  debug_display_settings           [   0.01532] color: 32 (rgba 8880), depth: 24, stencil: 8, acc: 0000, samples: 0/0
display  D   display_settings.c:398  _al_score_display_settings       [   0.01535] Single Buffer requirement not met.
display  D   display_settings.c:212  debug_display_settings           [   0.01537] color: 32 (rgba 8880), depth: 24, stencil: 8, acc: 0000, samples: 0/0
display  D   display_settings.c:398  _al_score_display_settings       [   0.01539] Single Buffer requirement not met.
display  D   display_settings.c:212  debug_display_settings           [   0.01541] color: 32 (rgba 8880), depth: 24, stencil: 0, acc: 0000, samples: 0/0
display  D   display_settings.c:398  _al_score_display_settings       [   0.01544] Single Buffer requirement not met.
display  D   display_settings.c:212  debug_display_settings           [   0.01545] color: 32 (rgba 8880), depth: 24, stencil: 0, acc: 0000, samples: 0/0
display  D   display_settings.c:398  _al_score_display_settings       [   0.01548] Single Buffer requirement not met.
display  D   display_settings.c:212  debug_display_settings           [   0.01550] color: 32 (rgba 8880), depth: 16, stencil: 0, acc: 0000, samples: 0/0
display  D   display_settings.c:398  _al_score_display_settings       [   0.01552] Single Buffer requirement not met.
display  D   display_settings.c:212  debug_display_settings           [   0.01555] color: 32 (rgba 8880), depth: 16, stencil: 0, acc: 0000, samples: 0/0
display  D   display_settings.c:398  _al_score_display_settings       [   0.01557] Single Buffer requirement not met.
display  D   display_settings.c:212  debug_display_settings           [   0.01559] color: 16 (rgba 5650), depth: 0, stencil: 0, acc: 0000, samples: 0/0
display  D   display_settings.c:398  _al_score_display_settings       [   0.01562] Single Buffer requirement not met.
display  D   display_settings.c:212  debug_display_settings           [   0.01564] color: 16 (rgba 5650), depth: 0, stencil: 0, acc: 0000, samples: 0/0
display  D   display_settings.c:398  _al_score_display_settings       [   0.01567] Single Buffer requirement not met.
display  D   display_settings.c:212  debug_display_settings           [   0.01569] color: 16 (rgba 5650), depth: 24, stencil: 8, acc: 0000, samples: 0/0
display  D   display_settings.c:398  _al_score_display_settings       [   0.01571] Single Buffer requirement not met.
display  D   display_settings.c:212  debug_display_settings           [   0.01574] color: 16 (rgba 5650), depth: 24, stencil: 8, acc: 0000, samples: 0/0
display  D   display_settings.c:398  _al_score_display_settings       [   0.01577] Single Buffer requirement not met.
display  D   display_settings.c:212  debug_display_settings           [   0.01580] color: 16 (rgba 5650), depth: 24, stencil: 0, acc: 0000, samples: 0/0
display  D   display_settings.c:398  _al_score_display_settings       [   0.01582] Single Buffer requirement not met.
display  D   display_settings.c:212  debug_display_settings           [   0.01585] color: 16 (rgba 5650), depth: 24, stencil: 0, acc: 0000, samples: 0/0
display  D   display_settings.c:398  _al_score_display_settings       [   0.01587] Single Buffer requirement not met.
display  D   display_settings.c:212  debug_display_settings           [   0.01590] color: 16 (rgba 5650), depth: 16, stencil: 0, acc: 0000, samples: 0/0
display  D   display_settings.c:398  _al_score_display_settings       [   0.01593] Single Buffer requirement not met.
display  D   display_settings.c:212  debug_display_settings           [   0.01595] color: 16 (rgba 5650), depth: 16, stencil: 0, acc: 0000, samples: 0/0
display  D   display_settings.c:398  _al_score_display_settings       [   0.01598] Single Buffer requirement not met.
display  D   display_settings.c:212  debug_display_settings           [   0.01600] color: 32 (rgba 8880), depth: 0, stencil: 0, acc: 0000, samples: 0/0
display  D   display_settings.c:527  _al_score_display_settings       [   0.01602] Score is : 769
display  D   display_settings.c:212  debug_display_settings           [   0.01604] color: 32 (rgba 8880), depth: 0, stencil: 0, acc: 0000, samples: 0/0
display  D   display_settings.c:527  _al_score_display_settings       [   0.01607] Score is : 769
display  D   display_settings.c:212  debug_display_settings           [   0.01609] color: 32 (rgba 8880), depth: 24, stencil: 8, acc: 0000, samples: 0/0
display  D   display_settings.c:527  _al_score_display_settings       [   0.01612] Score is : 769
display  D   display_settings.c:212  debug_display_settings           [   0.01614] color: 32 (rgba 8880), depth: 24, stencil: 8, acc: 0000, samples: 0/0
display  D   display_settings.c:527  _al_score_display_settings       [   0.01617] Score is : 769
display  D   display_settings.c:212  debug_display_settings           [   0.01619] color: 32 (rgba 8880), depth: 24, stencil: 0, acc: 0000, samples: 0/0
display  D   display_settings.c:527  _al_score_display_settings       [   0.01622] Score is : 769
display  D   display_settings.c:212  debug_display_settings           [   0.01624] color: 32 (rgba 8880), depth: 24, stencil: 0, acc: 0000, samples: 0/0
display  D   display_settings.c:527  _al_score_display_settings       [   0.01627] Score is : 769
display  D   display_settings.c:212  debug_display_settings           [   0.01629] color: 32 (rgba 8880), depth: 16, stencil: 0, acc: 0000, samples: 0/0
display  D   display_settings.c:527  _al_score_display_settings       [   0.01631] Score is : 769
display  D   display_settings.c:212  debug_display_settings           [   0.01633] color: 32 (rgba 8880), depth: 16, stencil: 0, acc: 0000, samples: 0/0
display  D   display_settings.c:527  _al_score_display_settings       [   0.01636] Score is : 769
display  D   display_settings.c:212  debug_display_settings           [   0.01639] color: 16 (rgba 5650), depth: 0, stencil: 0, acc: 0000, samples: 0/0
display  D   display_settings.c:527  _al_score_display_settings       [   0.01641] Score is : 769
display  D   display_settings.c:212  debug_display_settings           [   0.01644] color: 16 (rgba 5650), depth: 0, stencil: 0, acc: 0000, samples: 0/0
display  D   display_settings.c:527  _al_score_display_settings       [   0.01646] Score is : 769
display  D   display_settings.c:212  debug_display_settings           [   0.01648] color: 16 (rgba 5650), depth: 24, stencil: 8, acc: 0000, samples: 0/0
display  D   display_settings.c:527  _al_score_display_settings       [   0.01651] Score is : 769
display  D   display_settings.c:212  debug_display_settings           [   0.01653] color: 16 (rgba 5650), depth: 24, stencil: 8, acc: 0000, samples: 0/0
display  D   display_settings.c:527  _al_score_display_settings       [   0.01656] Score is : 769
display  D   display_settings.c:212  debug_display_settings           [   0.01658] color: 16 (rgba 5650), depth: 24, stencil: 0, acc: 0000, samples: 0/0
display  D   display_settings.c:527  _al_score_display_settings       [   0.01661] Score is : 769
display  D   display_settings.c:212  debug_display_settings           [   0.01663] color: 16 (rgba 5650), depth: 24, stencil: 0, acc: 0000, samples: 0/0
display  D   display_settings.c:527  _al_score_display_settings       [   0.01666] Score is : 769
display  D   display_settings.c:212  debug_display_settings           [   0.01668] color: 16 (rgba 5650), depth: 16, stencil: 0, acc: 0000, samples: 0/0
display  D   display_settings.c:527  _al_score_display_settings       [   0.01670] Score is : 769
display  D   display_settings.c:212  debug_display_settings           [   0.01672] color: 16 (rgba 5650), depth: 16, stencil: 0, acc: 0000, samples: 0/0
display  D   display_settings.c:527  _al_score_display_settings       [   0.01675] Score is : 769
display  D   display_settings.c:212  debug_display_settings           [   0.01677] color: 32 (rgba 8880), depth: 0, stencil: 0, acc: 0000, samples: 0/0
display  D   display_settings.c:398  _al_score_display_settings       [   0.01680] Single Buffer requirement not met.
display  D   display_settings.c:212  debug_display_settings           [   0.01683] color: 32 (rgba 8880), depth: 0, stencil: 0, acc: 0000, samples: 0/0
display  D   display_settings.c:398  _al_score_display_settings       [   0.01686] Single Buffer requirement not met.
display  D   display_settings.c:212  debug_display_settings           [   0.01688] color: 32 (rgba 8880), depth: 24, stencil: 8, acc: 0000, samples: 0/0
display  D   display_settings.c:398  _al_score_display_settings       [   0.01691] Single Buffer requirement not met.
display  D   display_settings.c:212  debug_display_settings           [   0.01694] color: 32 (rgba 8880), depth: 24, stencil: 8, acc: 0000, samples: 0/0
display  D   display_settings.c:398  _al_score_display_settings       [   0.01696] Single Buffer requirement not met.
display  D   display_settings.c:212  debug_display_settings           [   0.01699] color: 32 (rgba 8880), depth: 24, stencil: 0, acc: 0000, samples: 0/0
display  D   display_settings.c:398  _al_score_display_settings       [   0.01701] Single Buffer requirement not met.
display  D   display_settings.c:212  debug_display_settings           [   0.01704] color: 32 (rgba 8880), depth: 24, stencil: 0, acc: 0000, samples: 0/0
display  D   display_settings.c:398  _al_score_display_settings       [   0.01706] Single Buffer requirement not met.
display  D   display_settings.c:212  debug_display_settings           [   0.01709] color: 32 (rgba 8880), depth: 16, stencil: 0, acc: 0000, samples: 0/0
display  D   display_settings.c:398  _al_score_display_settings       [   0.01711] Single Buffer requirement not met.
display  D   display_settings.c:212  debug_display_settings           [   0.01714] color: 32 (rgba 8880), depth: 16, stencil: 0, acc: 0000, samples: 0/0
display  D   display_settings.c:398  _al_score_display_settings       [   0.01720] Single Buffer requirement not met.
display  D   display_settings.c:212  debug_display_settings           [   0.01723] color: 16 (rgba 5650), depth: 0, stencil: 0, acc: 0000, samples: 0/0
display  D   display_settings.c:398  _al_score_display_settings       [   0.01725] Single Buffer requirement not met.
display  D   display_settings.c:212  debug_display_settings           [   0.01728] color: 16 (rgba 5650), depth: 0, stencil: 0, acc: 0000, samples: 0/0
display  D   display_settings.c:398  _al_score_display_settings       [   0.01730] Single Buffer requirement not met.
display  D   display_settings.c:212  debug_display_settings           [   0.01733] color: 16 (rgba 5650), depth: 24, stencil: 8, acc: 0000, samples: 0/0
display  D   display_settings.c:398  _al_score_display_settings       [   0.01735] Single Buffer requirement not met.
display  D   display_settings.c:212  debug_display_settings           [   0.01738] color: 16 (rgba 5650), depth: 24, stencil: 8, acc: 0000, samples: 0/0
display  D   display_settings.c:398  _al_score_display_settings       [   0.01740] Single Buffer requirement not met.
display  D   display_settings.c:212  debug_display_settings           [   0.01743] color: 16 (rgba 5650), depth: 24, stencil: 0, acc: 0000, samples: 0/0
display  D   display_settings.c:398  _al_score_display_settings       [   0.01745] Single Buffer requirement not met.
display  D   display_settings.c:212  debug_display_settings           [   0.01748] color: 16 (rgba 5650), depth: 24, stencil: 0, acc: 0000, samples: 0/0
display  D   display_settings.c:398  _al_score_display_settings       [   0.01751] Single Buffer requirement not met.
display  D   display_settings.c:212  debug_display_settings           [   0.01753] color: 16 (rgba 5650), depth: 16, stencil: 0, acc: 0000, samples: 0/0
display  D   display_settings.c:398  _al_score_display_settings       [   0.01756] Single Buffer requirement not met.
display  D   display_settings.c:212  debug_display_settings           [   0.01758] color: 16 (rgba 5650), depth: 16, stencil: 0, acc: 0000, samples: 0/0
display  D   display_settings.c:398  _al_score_display_settings       [   0.01761] Single Buffer requirement not met.
d3d      D         d3d_disp.cpp:1668 d3d_create_display_internals     [   0.01764] Trying format 0.
d3d      I         d3d_disp.cpp:1344 d3d_display_thread_proc          [   0.01795] Chose a display format: 23
d3d      I         d3d_disp.cpp:1413 d3d_display_thread_proc          [   0.01799] Normal window.
d3d      I         d3d_disp.cpp:781  d3d_create_device                [   0.02912] Using no depth stencil buffer
d3d      D         d3d_disp.cpp:839  d3d_create_device                [   0.03979] BeginScene succeeded in create_device
d3d      D         d3d_disp.cpp:847  d3d_create_device                [   0.03983] Success
d3d      D         d3d_disp.cpp:1691 d3d_create_display_internals     [   0.03990] Resumed after wait.
d3d      I         d3d_disp.cpp:1724 d3d_create_display_internals     [   0.03994] Format 0 succeeded.
d3d      D         d3d_disp.cpp:1755 d3d_create_display_internals     [   0.03999] Returning d3d_display: 000E2270
d3d      D         d3d_disp.cpp:1780 d3d_create_display_locked        [   0.04001] al_display=000E2270
d3d      D         d3d_disp.cpp:1781 d3d_create_display_locked        [   0.04003] al_display->vt=000A0948
system   D            wsystem.c:738  maybe_parent_dir                 [   0.04086] Also searching C:\Users\Fryderyk\Projects\labirynt\Labirynt\
system   W            wsystem.c:792  _al_win_safe_load_library        [   0.04189] PathFindOnPath failed to find d3dx9_43.dll
system   D            wsystem.c:738  maybe_parent_dir                 [   0.04210] Also searching C:\Users\Fryderyk\Projects\labirynt\Labirynt\
system   D            wsystem.c:788  _al_win_safe_load_library        [   0.04231] PathFindOnPath found: C:\Windows\system32\d3dx9_42.dll
system   D            wsystem.c:699  load_library_at_path             [   0.04234] Calling LoadLibrary C:\Windows\system32\d3dx9_42.dll
system   I            wsystem.c:702  load_library_at_path             [   0.04296] Loaded C:\Windows\system32\d3dx9_42.dll
d3dx9    I        d3d_d3dx9.cpp:88   _imp_load_d3dx9_module_version   [   0.04305] Module "d3dx9_42.dll" loaded.
dtor     D               dtor.c:196  _al_register_destructor          [   0.04318] added dtor for queue 0697F350, func 6AA623A1
d3d      I         d3d_disp.cpp:901  d3d_destroy_display              [   6.95793] destroying display 000E2270 (current 00000000)
d3d      D         d3d_disp.cpp:885  d3d_destroy_display_internals    [   6.96162] waiting for display 000E2270's thread to end
d3d      W         d3d_disp.cpp:595  d3d_destroy_device               [   6.96668] d3d_destroy_device: ref count not 0
d3d      W         d3d_disp.cpp:595  d3d_destroy_device               [   6.96672] d3d_destroy_device: ref count not 0
d3d      I         d3d_disp.cpp:1548 d3d_display_thread_proc          [   6.97296] d3d display thread exits
dtor     D               dtor.c:227  _al_unregister_destructor        [   6.97414] removed dtor for queue 0697F350
