c:\users\fryderyk\projects\labirynt\labirynt\debug\labirynt.pch
c:\users\fryderyk\projects\labirynt\labirynt\debug\vc141.pdb
c:\users\fryderyk\projects\labirynt\labirynt\debug\vc141.idb
c:\users\fryderyk\projects\labirynt\labirynt\debug\pch.obj
c:\users\fryderyk\projects\labirynt\labirynt\debug\view.obj
c:\users\fryderyk\projects\labirynt\labirynt\debug\pathfinder.obj
c:\users\fryderyk\projects\labirynt\labirynt\debug\labirynt.obj
c:\users\fryderyk\projects\labirynt\labirynt\debug\grid.obj
c:\users\fryderyk\projects\labirynt\labirynt\debug\filereader.obj
c:\users\fryderyk\projects\labirynt\labirynt\debug\field.obj
c:\users\fryderyk\projects\labirynt\labirynt\debug\labirynt.ilk
c:\users\fryderyk\projects\labirynt\labirynt\debug\labirynt.exe
c:\users\fryderyk\projects\labirynt\labirynt\debug\labirynt.pdb
c:\users\fryderyk\projects\labirynt\labirynt\debug\allegro-debug.pdb
c:\users\fryderyk\projects\labirynt\labirynt\debug\allegro_primitives-debug.pdb
c:\users\fryderyk\projects\labirynt\labirynt\debug\labirynt.tlog\cl.command.1.tlog
c:\users\fryderyk\projects\labirynt\labirynt\debug\labirynt.tlog\cl.read.1.tlog
c:\users\fryderyk\projects\labirynt\labirynt\debug\labirynt.tlog\cl.write.1.tlog
c:\users\fryderyk\projects\labirynt\labirynt\debug\labirynt.tlog\link.command.1.tlog
c:\users\fryderyk\projects\labirynt\labirynt\debug\labirynt.tlog\link.read.1.tlog
c:\users\fryderyk\projects\labirynt\labirynt\debug\labirynt.tlog\link.write.1.tlog
