stdio    D         file_stdio.c:110  file_stdio_fopen                 [   0.00000] opening C:\Users\Fryderyk\Projects\labirynt\Labirynt\Debug\allegro5.cfg r
system   D            wsystem.c:738  maybe_parent_dir                 [   0.00000] Also searching C:\Users\Fryderyk\Projects\labirynt\Labirynt\
system   D            wsystem.c:788  _al_win_safe_load_library        [   0.00000] PathFindOnPath found: C:\Windows\system32\shcore.dll
system   D            wsystem.c:699  load_library_at_path             [   0.00000] Calling LoadLibrary C:\Windows\system32\shcore.dll
system   I            wsystem.c:702  load_library_at_path             [   0.00000] Loaded C:\Windows\system32\shcore.dll
system   I             system.c:264  al_install_system                [   0.00000] Allegro version: 5.2.4
system   D            wsystem.c:738  maybe_parent_dir                 [   0.00029] Also searching C:\Users\Fryderyk\Projects\labirynt\Labirynt\
system   D            wsystem.c:788  _al_win_safe_load_library        [   0.00047] PathFindOnPath found: C:\Windows\system32\d3d9.dll
system   D            wsystem.c:699  load_library_at_path             [   0.00052] Calling LoadLibrary C:\Windows\system32\d3d9.dll
system   I            wsystem.c:702  load_library_at_path             [   0.00506] Loaded C:\Windows\system32\d3d9.dll
d3d      I         d3d_disp.cpp:674  d3d_init_display                 [   0.02079] Render-to-texture: 1
d3d      I         d3d_disp.cpp:1768 d3d_create_display_locked        [   0.02187] faux_fullscreen=0
d3d      D         d3d_disp.cpp:1769 d3d_create_display_locked        [   0.02191] al_display=002171C0
d3d      D         d3d_disp.cpp:1770 d3d_create_display_locked        [   0.02195] al_display->vt=001DD0B8
d3d      I d3d_display_formats.cpp:144  _al_d3d_generate_display_format_list [   0.02645] found 64 format combinations
display  D   display_settings.c:212  debug_display_settings           [   0.02651] color: 32 (rgba 8880), depth: 0, stencil: 0, acc: 0000, samples: 0/0
display  D   display_settings.c:527  _al_score_display_settings       [   0.02654] Score is : 897
display  D   display_settings.c:212  debug_display_settings           [   0.02656] color: 32 (rgba 8880), depth: 0, stencil: 0, acc: 0000, samples: 0/0
display  D   display_settings.c:527  _al_score_display_settings       [   0.02659] Score is : 897
display  D   display_settings.c:212  debug_display_settings           [   0.02661] color: 32 (rgba 8880), depth: 24, stencil: 8, acc: 0000, samples: 0/0
display  D   display_settings.c:527  _al_score_display_settings       [   0.02663] Score is : 897
display  D   display_settings.c:212  debug_display_settings           [   0.02665] color: 32 (rgba 8880), depth: 24, stencil: 8, acc: 0000, samples: 0/0
display  D   display_settings.c:527  _al_score_display_settings       [   0.02668] Score is : 897
display  D   display_settings.c:212  debug_display_settings           [   0.02670] color: 32 (rgba 8880), depth: 24, stencil: 0, acc: 0000, samples: 0/0
display  D   display_settings.c:527  _al_score_display_settings       [   0.02672] Score is : 897
display  D   display_settings.c:212  debug_display_settings           [   0.02674] color: 32 (rgba 8880), depth: 24, stencil: 0, acc: 0000, samples: 0/0
display  D   display_settings.c:527  _al_score_display_settings       [   0.02676] Score is : 897
display  D   display_settings.c:212  debug_display_settings           [   0.02678] color: 32 (rgba 8880), depth: 16, stencil: 0, acc: 0000, samples: 0/0
display  D   display_settings.c:527  _al_score_display_settings       [   0.02681] Score is : 897
display  D   display_settings.c:212  debug_display_settings           [   0.02683] color: 32 (rgba 8880), depth: 16, stencil: 0, acc: 0000, samples: 0/0
display  D   display_settings.c:527  _al_score_display_settings       [   0.02685] Score is : 897
display  D   display_settings.c:212  debug_display_settings           [   0.02687] color: 16 (rgba 5650), depth: 0, stencil: 0, acc: 0000, samples: 0/0
display  D   display_settings.c:527  _al_score_display_settings       [   0.02689] Score is : 897
display  D   display_settings.c:212  debug_display_settings           [   0.02697] color: 16 (rgba 5650), depth: 0, stencil: 0, acc: 0000, samples: 0/0
display  D   display_settings.c:527  _al_score_display_settings       [   0.02701] Score is : 897
display  D   display_settings.c:212  debug_display_settings           [   0.02702] color: 16 (rgba 5650), depth: 24, stencil: 8, acc: 0000, samples: 0/0
display  D   display_settings.c:527  _al_score_display_settings       [   0.02705] Score is : 897
display  D   display_settings.c:212  debug_display_settings           [   0.02707] color: 16 (rgba 5650), depth: 24, stencil: 8, acc: 0000, samples: 0/0
display  D   display_settings.c:527  _al_score_display_settings       [   0.02709] Score is : 897
display  D   display_settings.c:212  debug_display_settings           [   0.02711] color: 16 (rgba 5650), depth: 24, stencil: 0, acc: 0000, samples: 0/0
display  D   display_settings.c:527  _al_score_display_settings       [   0.02714] Score is : 897
display  D   display_settings.c:212  debug_display_settings           [   0.02715] color: 16 (rgba 5650), depth: 24, stencil: 0, acc: 0000, samples: 0/0
display  D   display_settings.c:527  _al_score_display_settings       [   0.02718] Score is : 897
display  D   display_settings.c:212  debug_display_settings           [   0.02720] color: 16 (rgba 5650), depth: 16, stencil: 0, acc: 0000, samples: 0/0
display  D   display_settings.c:527  _al_score_display_settings       [   0.02722] Score is : 897
display  D   display_settings.c:212  debug_display_settings           [   0.02724] color: 16 (rgba 5650), depth: 16, stencil: 0, acc: 0000, samples: 0/0
display  D   display_settings.c:527  _al_score_display_settings       [   0.02726] Score is : 897
display  D   display_settings.c:212  debug_display_settings           [   0.02728] color: 32 (rgba 8880), depth: 0, stencil: 0, acc: 0000, samples: 0/0
display  D   display_settings.c:398  _al_score_display_settings       [   0.02731] Single Buffer requirement not met.
display  D   display_settings.c:212  debug_display_settings           [   0.02733] color: 32 (rgba 8880), depth: 0, stencil: 0, acc: 0000, samples: 0/0
display  D   display_settings.c:398  _al_score_display_settings       [   0.02735] Single Buffer requirement not met.
display  D   display_settings.c:212  debug_display_settings           [   0.02737] color: 32 (rgba 8880), depth: 24, stencil: 8, acc: 0000, samples: 0/0
display  D   display_settings.c:398  _al_score_display_settings       [   0.02740] Single Buffer requirement not met.
display  D   display_settings.c:212  debug_display_settings           [   0.02742] color: 32 (rgba 8880), depth: 24, stencil: 8, acc: 0000, samples: 0/0
display  D   display_settings.c:398  _al_score_display_settings       [   0.02744] Single Buffer requirement not met.
display  D   display_settings.c:212  debug_display_settings           [   0.02746] color: 32 (rgba 8880), depth: 24, stencil: 0, acc: 0000, samples: 0/0
display  D   display_settings.c:398  _al_score_display_settings       [   0.02749] Single Buffer requirement not met.
display  D   display_settings.c:212  debug_display_settings           [   0.02751] color: 32 (rgba 8880), depth: 24, stencil: 0, acc: 0000, samples: 0/0
display  D   display_settings.c:398  _al_score_display_settings       [   0.02753] Single Buffer requirement not met.
display  D   display_settings.c:212  debug_display_settings           [   0.02755] color: 32 (rgba 8880), depth: 16, stencil: 0, acc: 0000, samples: 0/0
display  D   display_settings.c:398  _al_score_display_settings       [   0.02758] Single Buffer requirement not met.
display  D   display_settings.c:212  debug_display_settings           [   0.02760] color: 32 (rgba 8880), depth: 16, stencil: 0, acc: 0000, samples: 0/0
display  D   display_settings.c:398  _al_score_display_settings       [   0.02763] Single Buffer requirement not met.
display  D   display_settings.c:212  debug_display_settings           [   0.02765] color: 16 (rgba 5650), depth: 0, stencil: 0, acc: 0000, samples: 0/0
display  D   display_settings.c:398  _al_score_display_settings       [   0.02771] Single Buffer requirement not met.
display  D   display_settings.c:212  debug_display_settings           [   0.02773] color: 16 (rgba 5650), depth: 0, stencil: 0, acc: 0000, samples: 0/0
display  D   display_settings.c:398  _al_score_display_settings       [   0.02776] Single Buffer requirement not met.
display  D   display_settings.c:212  debug_display_settings           [   0.02778] color: 16 (rgba 5650), depth: 24, stencil: 8, acc: 0000, samples: 0/0
display  D   display_settings.c:398  _al_score_display_settings       [   0.02780] Single Buffer requirement not met.
display  D   display_settings.c:212  debug_display_settings           [   0.02782] color: 16 (rgba 5650), depth: 24, stencil: 8, acc: 0000, samples: 0/0
display  D   display_settings.c:398  _al_score_display_settings       [   0.02785] Single Buffer requirement not met.
display  D   display_settings.c:212  debug_display_settings           [   0.02787] color: 16 (rgba 5650), depth: 24, stencil: 0, acc: 0000, samples: 0/0
display  D   display_settings.c:398  _al_score_display_settings       [   0.02789] Single Buffer requirement not met.
display  D   display_settings.c:212  debug_display_settings           [   0.02791] color: 16 (rgba 5650), depth: 24, stencil: 0, acc: 0000, samples: 0/0
display  D   display_settings.c:398  _al_score_display_settings       [   0.02794] Single Buffer requirement not met.
display  D   display_settings.c:212  debug_display_settings           [   0.02796] color: 16 (rgba 5650), depth: 16, stencil: 0, acc: 0000, samples: 0/0
display  D   display_settings.c:398  _al_score_display_settings       [   0.02798] Single Buffer requirement not met.
display  D   display_settings.c:212  debug_display_settings           [   0.02800] color: 16 (rgba 5650), depth: 16, stencil: 0, acc: 0000, samples: 0/0
display  D   display_settings.c:398  _al_score_display_settings       [   0.02802] Single Buffer requirement not met.
display  D   display_settings.c:212  debug_display_settings           [   0.02804] color: 32 (rgba 8880), depth: 0, stencil: 0, acc: 0000, samples: 0/0
display  D   display_settings.c:527  _al_score_display_settings       [   0.02807] Score is : 769
display  D   display_settings.c:212  debug_display_settings           [   0.02809] color: 32 (rgba 8880), depth: 0, stencil: 0, acc: 0000, samples: 0/0
display  D   display_settings.c:527  _al_score_display_settings       [   0.02811] Score is : 769
display  D   display_settings.c:212  debug_display_settings           [   0.02813] color: 32 (rgba 8880), depth: 24, stencil: 8, acc: 0000, samples: 0/0
display  D   display_settings.c:527  _al_score_display_settings       [   0.02816] Score is : 769
display  D   display_settings.c:212  debug_display_settings           [   0.02818] color: 32 (rgba 8880), depth: 24, stencil: 8, acc: 0000, samples: 0/0
display  D   display_settings.c:527  _al_score_display_settings       [   0.02820] Score is : 769
display  D   display_settings.c:212  debug_display_settings           [   0.02822] color: 32 (rgba 8880), depth: 24, stencil: 0, acc: 0000, samples: 0/0
display  D   display_settings.c:527  _al_score_display_settings       [   0.02824] Score is : 769
display  D   display_settings.c:212  debug_display_settings           [   0.02826] color: 32 (rgba 8880), depth: 24, stencil: 0, acc: 0000, samples: 0/0
display  D   display_settings.c:527  _al_score_display_settings       [   0.02829] Score is : 769
display  D   display_settings.c:212  debug_display_settings           [   0.02831] color: 32 (rgba 8880), depth: 16, stencil: 0, acc: 0000, samples: 0/0
display  D   display_settings.c:527  _al_score_display_settings       [   0.02833] Score is : 769
display  D   display_settings.c:212  debug_display_settings           [   0.02835] color: 32 (rgba 8880), depth: 16, stencil: 0, acc: 0000, samples: 0/0
display  D   display_settings.c:527  _al_score_display_settings       [   0.02838] Score is : 769
display  D   display_settings.c:212  debug_display_settings           [   0.02843] color: 16 (rgba 5650), depth: 0, stencil: 0, acc: 0000, samples: 0/0
display  D   display_settings.c:527  _al_score_display_settings       [   0.02846] Score is : 769
display  D   display_settings.c:212  debug_display_settings           [   0.02848] color: 16 (rgba 5650), depth: 0, stencil: 0, acc: 0000, samples: 0/0
display  D   display_settings.c:527  _al_score_display_settings       [   0.02851] Score is : 769
display  D   display_settings.c:212  debug_display_settings           [   0.02852] color: 16 (rgba 5650), depth: 24, stencil: 8, acc: 0000, samples: 0/0
display  D   display_settings.c:527  _al_score_display_settings       [   0.02855] Score is : 769
display  D   display_settings.c:212  debug_display_settings           [   0.02857] color: 16 (rgba 5650), depth: 24, stencil: 8, acc: 0000, samples: 0/0
display  D   display_settings.c:527  _al_score_display_settings       [   0.02859] Score is : 769
display  D   display_settings.c:212  debug_display_settings           [   0.02861] color: 16 (rgba 5650), depth: 24, stencil: 0, acc: 0000, samples: 0/0
display  D   display_settings.c:527  _al_score_display_settings       [   0.02864] Score is : 769
display  D   display_settings.c:212  debug_display_settings           [   0.02866] color: 16 (rgba 5650), depth: 24, stencil: 0, acc: 0000, samples: 0/0
display  D   display_settings.c:527  _al_score_display_settings       [   0.02868] Score is : 769
display  D   display_settings.c:212  debug_display_settings           [   0.02870] color: 16 (rgba 5650), depth: 16, stencil: 0, acc: 0000, samples: 0/0
display  D   display_settings.c:527  _al_score_display_settings       [   0.02872] Score is : 769
display  D   display_settings.c:212  debug_display_settings           [   0.02874] color: 16 (rgba 5650), depth: 16, stencil: 0, acc: 0000, samples: 0/0
display  D   display_settings.c:527  _al_score_display_settings       [   0.02877] Score is : 769
display  D   display_settings.c:212  debug_display_settings           [   0.02879] color: 32 (rgba 8880), depth: 0, stencil: 0, acc: 0000, samples: 0/0
display  D   display_settings.c:398  _al_score_display_settings       [   0.02881] Single Buffer requirement not met.
display  D   display_settings.c:212  debug_display_settings           [   0.02883] color: 32 (rgba 8880), depth: 0, stencil: 0, acc: 0000, samples: 0/0
display  D   display_settings.c:398  _al_score_display_settings       [   0.02886] Single Buffer requirement not met.
display  D   display_settings.c:212  debug_display_settings           [   0.02888] color: 32 (rgba 8880), depth: 24, stencil: 8, acc: 0000, samples: 0/0
display  D   display_settings.c:398  _al_score_display_settings       [   0.02890] Single Buffer requirement not met.
display  D   display_settings.c:212  debug_display_settings           [   0.02892] color: 32 (rgba 8880), depth: 24, stencil: 8, acc: 0000, samples: 0/0
display  D   display_settings.c:398  _al_score_display_settings       [   0.02895] Single Buffer requirement not met.
display  D   display_settings.c:212  debug_display_settings           [   0.02897] color: 32 (rgba 8880), depth: 24, stencil: 0, acc: 0000, samples: 0/0
display  D   display_settings.c:398  _al_score_display_settings       [   0.02899] Single Buffer requirement not met.
display  D   display_settings.c:212  debug_display_settings           [   0.02901] color: 32 (rgba 8880), depth: 24, stencil: 0, acc: 0000, samples: 0/0
display  D   display_settings.c:398  _al_score_display_settings       [   0.02904] Single Buffer requirement not met.
display  D   display_settings.c:212  debug_display_settings           [   0.02906] color: 32 (rgba 8880), depth: 16, stencil: 0, acc: 0000, samples: 0/0
display  D   display_settings.c:398  _al_score_display_settings       [   0.02908] Single Buffer requirement not met.
display  D   display_settings.c:212  debug_display_settings           [   0.02910] color: 32 (rgba 8880), depth: 16, stencil: 0, acc: 0000, samples: 0/0
display  D   display_settings.c:398  _al_score_display_settings       [   0.02913] Single Buffer requirement not met.
display  D   display_settings.c:212  debug_display_settings           [   0.02915] color: 16 (rgba 5650), depth: 0, stencil: 0, acc: 0000, samples: 0/0
display  D   display_settings.c:398  _al_score_display_settings       [   0.02917] Single Buffer requirement not met.
display  D   display_settings.c:212  debug_display_settings           [   0.02919] color: 16 (rgba 5650), depth: 0, stencil: 0, acc: 0000, samples: 0/0
display  D   display_settings.c:398  _al_score_display_settings       [   0.02922] Single Buffer requirement not met.
display  D   display_settings.c:212  debug_display_settings           [   0.02924] color: 16 (rgba 5650), depth: 24, stencil: 8, acc: 0000, samples: 0/0
display  D   display_settings.c:398  _al_score_display_settings       [   0.02926] Single Buffer requirement not met.
display  D   display_settings.c:212  debug_display_settings           [   0.02928] color: 16 (rgba 5650), depth: 24, stencil: 8, acc: 0000, samples: 0/0
display  D   display_settings.c:398  _al_score_display_settings       [   0.02931] Single Buffer requirement not met.
display  D   display_settings.c:212  debug_display_settings           [   0.02933] color: 16 (rgba 5650), depth: 24, stencil: 0, acc: 0000, samples: 0/0
display  D   display_settings.c:398  _al_score_display_settings       [   0.02935] Single Buffer requirement not met.
display  D   display_settings.c:212  debug_display_settings           [   0.02937] color: 16 (rgba 5650), depth: 24, stencil: 0, acc: 0000, samples: 0/0
display  D   display_settings.c:398  _al_score_display_settings       [   0.02940] Single Buffer requirement not met.
display  D   display_settings.c:212  debug_display_settings           [   0.02942] color: 16 (rgba 5650), depth: 16, stencil: 0, acc: 0000, samples: 0/0
display  D   display_settings.c:398  _al_score_display_settings       [   0.02944] Single Buffer requirement not met.
display  D   display_settings.c:212  debug_display_settings           [   0.02946] color: 16 (rgba 5650), depth: 16, stencil: 0, acc: 0000, samples: 0/0
display  D   display_settings.c:398  _al_score_display_settings       [   0.02949] Single Buffer requirement not met.
d3d      D         d3d_disp.cpp:1668 d3d_create_display_internals     [   0.02953] Trying format 0.
d3d      I         d3d_disp.cpp:1344 d3d_display_thread_proc          [   0.03038] Chose a display format: 23
d3d      I         d3d_disp.cpp:1413 d3d_display_thread_proc          [   0.03043] Normal window.
d3d      I         d3d_disp.cpp:781  d3d_create_device                [   0.05748] Using no depth stencil buffer
d3d      D         d3d_disp.cpp:839  d3d_create_device                [   0.07182] BeginScene succeeded in create_device
d3d      D         d3d_disp.cpp:847  d3d_create_device                [   0.07187] Success
d3d      D         d3d_disp.cpp:1691 d3d_create_display_internals     [   0.07195] Resumed after wait.
d3d      I         d3d_disp.cpp:1724 d3d_create_display_internals     [   0.07199] Format 0 succeeded.
d3d      D         d3d_disp.cpp:1755 d3d_create_display_internals     [   0.07203] Returning d3d_display: 002171C0
d3d      D         d3d_disp.cpp:1780 d3d_create_display_locked        [   0.07206] al_display=002171C0
d3d      D         d3d_disp.cpp:1781 d3d_create_display_locked        [   0.07208] al_display->vt=001DD0B8
system   D            wsystem.c:738  maybe_parent_dir                 [   0.07233] Also searching C:\Users\Fryderyk\Projects\labirynt\Labirynt\
system   W            wsystem.c:792  _al_win_safe_load_library        [   0.07316] PathFindOnPath failed to find d3dx9_43.dll
system   D            wsystem.c:738  maybe_parent_dir                 [   0.07330] Also searching C:\Users\Fryderyk\Projects\labirynt\Labirynt\
system   D            wsystem.c:788  _al_win_safe_load_library        [   0.07349] PathFindOnPath found: C:\Windows\system32\d3dx9_42.dll
system   D            wsystem.c:699  load_library_at_path             [   0.07351] Calling LoadLibrary C:\Windows\system32\d3dx9_42.dll
system   I            wsystem.c:702  load_library_at_path             [   0.07520] Loaded C:\Windows\system32\d3dx9_42.dll
d3dx9    I        d3d_d3dx9.cpp:88   _imp_load_d3dx9_module_version   [   0.07525] Module "d3dx9_42.dll" loaded.
dtor     D               dtor.c:196  _al_register_destructor          [   0.07534] added dtor for queue 00208A10, func 5DEC23A1
